{
  "RSpec": {
    "coverage": {
      "/home/pablo/dev/eis/repo/andres/app/app.rb": [
        1,
        1,
        1,
        1,
        1,
        1,
        null,
        1,
        null,
        1,
        null,
        1,
        null,
        null,
        null,
        null,
        null,
        null,
        null,
        null,
        null,
        null,
        null,
        null,
        null,
        null,
        null,
        null,
        null,
        null,
        null,
        null,
        null,
        null,
        null,
        null,
        null,
        null,
        null,
        null,
        null,
        null,
        null,
        null,
        null,
        null,
        null,
        null,
        null,
        null,
        null,
        null,
        null,
        null,
        null,
        null,
        null,
        null,
        null,
        null,
        null,
        null,
        null,
        null,
        null,
        null,
        null,
        null,
        null
      ],
      "/home/pablo/dev/eis/repo/andres/app/models/advert.rb": [
        1,
        1,
        null,
        1,
        1,
        1,
        null,
        null,
        1,
        6,
        6,
        6,
        null,
        null,
        null
      ],
      "/home/pablo/dev/eis/repo/andres/app/models/andres_mailer.rb": [
        1,
        null,
        null,
        1,
        0,
        0,
        0,
        null,
        null,
        null,
        null
      ],
      "/home/pablo/dev/eis/repo/andres/app/models/event.rb": [
        1,
        null,
        1,
        null,
        1,
        1,
        1,
        1,
        null,
        1,
        null,
        1,
        1,
        null,
        null,
        1,
        1,
        null,
        null,
        1,
        0,
        null,
        null,
        1,
        1,
        null,
        null,
        1,
        null,
        3,
        null,
        null,
        1,
        2,
        null,
        null,
        null,
        null,
        null
      ],
      "/home/pablo/dev/eis/repo/andres/app/models/user.rb": [
        1,
        1,
        null,
        1,
        1,
        1,
        1,
        1,
        1,
        null,
        1,
        1,
        1,
        1,
        1,
        null,
        1,
        9,
        null,
        null,
        1,
        11,
        6,
        5,
        null,
        null,
        null,
        1,
        3,
        3,
        2,
        null,
        null,
        1,
        2,
        null,
        null,
        null
      ],
      "/home/pablo/dev/eis/repo/andres/app/controllers/events.rb": [
        1,
        null,
        1,
        1,
        1,
        null,
        null,
        1,
        1,
        1,
        null,
        null,
        1,
        0,
        0,
        0,
        0,
        0,
        null,
        0,
        0,
        null,
        null,
        null,
        1,
        0,
        0,
        null,
        null,
        1,
        0,
        0,
        null,
        null,
        null
      ],
      "/home/pablo/dev/eis/repo/andres/app/controllers/home.rb": [
        1,
        null,
        1,
        1,
        1,
        null,
        null,
        1,
        null,
        1,
        null,
        null,
        null
      ],
      "/home/pablo/dev/eis/repo/andres/app/controllers/sessions.rb": [
        1,
        null,
        1,
        2,
        2,
        null,
        null,
        1,
        2,
        2,
        null,
        null,
        1,
        0,
        0,
        0,
        0,
        0,
        0,
        0,
        null,
        0,
        0,
        null,
        null,
        null,
        1,
        0,
        0,
        null,
        null,
        null
      ],
      "/home/pablo/dev/eis/repo/andres/app/controllers/users.rb": [
        1,
        1,
        2,
        2,
        null,
        null,
        null,
        null,
        null,
        null,
        null,
        null,
        null,
        null,
        null,
        null,
        null,
        null,
        null,
        null,
        null,
        null,
        null,
        null,
        1,
        2,
        2,
        null,
        null,
        1,
        0,
        0,
        0,
        0,
        0,
        0,
        0,
        0,
        null,
        null,
        0,
        0,
        0,
        null,
        0,
        0,
        null,
        null,
        null,
        0,
        0,
        0,
        null,
        null,
        0,
        0,
        0,
        null,
        null,
        null,
        1,
        0,
        null,
        null,
        null
      ],
      "/home/pablo/dev/eis/repo/andres/app/helpers/home_helper.rb": [
        null,
        null,
        1,
        null,
        null,
        null,
        null
      ],
      "/home/pablo/dev/eis/repo/andres/app/helpers/sessions_helper.rb": [
        1,
        null,
        1,
        0,
        null,
        null,
        1,
        7,
        null,
        null,
        1,
        0,
        0,
        null,
        null,
        null,
        1,
        0,
        null,
        null,
        1,
        7,
        null,
        null,
        1,
        0,
        0,
        null,
        null,
        null,
        null
      ],
      "/home/pablo/dev/eis/repo/andres/app/helpers/users_helper.rb": [
        null,
        null,
        1,
        null,
        null,
        null,
        null
      ],
      "/home/pablo/dev/eis/repo/andres/app/mailers/notification.rb": [
        null,
        null,
        null,
        null,
        null,
        null,
        null,
        null,
        null,
        null,
        null,
        null,
        null,
        null,
        null,
        null,
        null,
        null,
        null,
        null,
        null,
        null,
        null,
        null,
        null,
        null,
        null,
        null,
        null,
        null,
        null,
        null,
        null,
        null,
        null,
        null,
        null,
        null,
        null,
        null,
        null,
        1,
        null,
        1,
        0,
        0,
        0,
        0,
        0,
        0,
        null,
        null,
        null
      ]
    },
    "timestamp": 1384202234
  },
  "Cucumber Features": {
    "coverage": {
      "/home/pablo/dev/eis/repo/andres/app/controllers/events.rb": [
        1,
        null,
        1,
        33,
        33,
        null,
        null,
        1,
        18,
        18,
        null,
        null,
        1,
        9,
        9,
        9,
        7,
        7,
        null,
        2,
        2,
        null,
        null,
        null,
        1,
        5,
        5,
        null,
        null,
        1,
        1,
        1,
        null,
        null,
        null
      ],
      "/home/pablo/dev/eis/repo/andres/app/controllers/home.rb": [
        1,
        null,
        1,
        17,
        17,
        null,
        null,
        1,
        null,
        17,
        null,
        null,
        null
      ],
      "/home/pablo/dev/eis/repo/andres/app/controllers/sessions.rb": [
        1,
        null,
        1,
        30,
        30,
        null,
        null,
        1,
        15,
        15,
        null,
        null,
        1,
        15,
        15,
        15,
        15,
        1,
        1,
        1,
        null,
        14,
        14,
        null,
        null,
        null,
        1,
        0,
        0,
        null,
        null,
        null
      ],
      "/home/pablo/dev/eis/repo/andres/app/controllers/users.rb": [
        1,
        1,
        10,
        10,
        null,
        null,
        null,
        null,
        null,
        null,
        null,
        null,
        null,
        null,
        null,
        null,
        null,
        null,
        null,
        null,
        null,
        null,
        null,
        null,
        1,
        5,
        5,
        null,
        null,
        1,
        5,
        25,
        5,
        4,
        3,
        3,
        1,
        1,
        null,
        null,
        2,
        2,
        2,
        null,
        0,
        0,
        null,
        null,
        null,
        1,
        1,
        1,
        null,
        null,
        1,
        1,
        1,
        null,
        null,
        null,
        1,
        0,
        null,
        null,
        null
      ],
      "/home/pablo/dev/eis/repo/andres/app/helpers/home_helper.rb": [
        null,
        null,
        1,
        null,
        null,
        null,
        null
      ],
      "/home/pablo/dev/eis/repo/andres/app/helpers/sessions_helper.rb": [
        1,
        null,
        1,
        14,
        null,
        null,
        1,
        336,
        null,
        null,
        1,
        14,
        14,
        null,
        null,
        null,
        1,
        0,
        null,
        null,
        1,
        244,
        null,
        null,
        1,
        39,
        39,
        null,
        null,
        null,
        null
      ],
      "/home/pablo/dev/eis/repo/andres/app/helpers/users_helper.rb": [
        null,
        null,
        1,
        null,
        null,
        null,
        null
      ],
      "/home/pablo/dev/eis/repo/andres/app/mailers/notification.rb": [
        null,
        null,
        null,
        null,
        null,
        null,
        null,
        null,
        null,
        null,
        null,
        null,
        null,
        null,
        null,
        null,
        null,
        null,
        null,
        null,
        null,
        null,
        null,
        null,
        null,
        null,
        null,
        null,
        null,
        null,
        null,
        null,
        null,
        null,
        null,
        null,
        null,
        null,
        null,
        null,
        null,
        1,
        null,
        1,
        12,
        12,
        12,
        12,
        12,
        12,
        null,
        null,
        null
      ]
    },
    "timestamp": 1384202196
  }
}
