{
  "RSpec": {
    "coverage": {
      "/home/jose/Escritorio/xpw-master/app/app.rb": [
        1,
        1,
        1,
        1,
        1,
        1,
        null,
        1,
        null,
        1,
        null,
        null,
        null,
        null,
        null,
        null,
        null,
        null,
        null,
        null,
        null,
        null,
        null,
        null,
        null,
        null,
        null,
        null,
        null,
        null,
        null,
        null,
        null,
        null,
        null,
        null,
        null,
        null,
        null,
        null,
        null,
        null,
        null,
        null,
        null,
        null,
        null,
        null,
        null,
        null,
        null,
        null,
        null,
        null,
        null,
        null,
        null,
        null,
        null,
        null,
        null,
        null,
        null,
        null,
        null
      ],
      "/home/jose/Escritorio/xpw-master/app/models/user.rb": [
        1,
        1,
        null,
        1,
        1,
        1,
        1,
        null,
        null,
        1,
        1,
        1,
        1,
        1,
        null,
        1,
        1,
        null,
        null,
        1,
        1,
        1,
        1,
        null,
        null,
        null,
        1,
        0,
        0,
        0,
        null,
        null,
        1,
        0,
        null,
        null,
        null
      ],
      "/home/jose/Escritorio/xpw-master/app/controllers/home.rb": [
        1,
        null,
        1,
        0,
        null,
        null,
        null
      ],
      "/home/jose/Escritorio/xpw-master/app/controllers/sessions.rb": [
        1,
        null,
        1,
        2,
        2,
        null,
        null,
        1,
        0,
        0,
        0,
        0,
        0,
        0,
        0,
        null,
        0,
        0,
        null,
        null,
        null,
        1,
        0,
        0,
        null,
        null,
        null
      ],
      "/home/jose/Escritorio/xpw-master/app/controllers/users.rb": [
        1,
        null,
        null,
        null,
        null,
        null,
        null,
        null,
        null,
        null,
        null,
        null,
        null,
        null,
        null,
        null,
        null,
        null,
        null,
        null,
        null,
        1,
        0,
        0,
        null,
        null,
        1,
        0,
        0,
        0,
        0,
        0,
        0,
        0,
        null,
        0,
        0,
        null,
        null,
        0,
        0,
        0,
        null,
        null,
        null,
        null
      ],
      "/home/jose/Escritorio/xpw-master/app/helpers/home_helper.rb": [
        null,
        null,
        1,
        null,
        null,
        null,
        null
      ],
      "/home/jose/Escritorio/xpw-master/app/helpers/sessions_helper.rb": [
        1,
        null,
        1,
        0,
        null,
        null,
        1,
        0,
        null,
        null,
        1,
        0,
        0,
        null,
        null,
        1,
        0,
        null,
        null,
        1,
        0,
        null,
        null,
        null
      ],
      "/home/jose/Escritorio/xpw-master/app/helpers/users_helper.rb": [
        null,
        null,
        1,
        null,
        null,
        null,
        null
      ]
    },
    "timestamp": 1382835615
  },
  "Cucumber Features": {
    "coverage": {
    },
    "timestamp": 1382835641
  }
}
